2020-11-10 18:23:31,980 - case - INFO - 初始化测试 - [test_order.py:30]
2020-11-10 18:23:31,984 - case - INFO - 开始执行第1用例 - [test_order.py:40]
2020-11-10 18:23:31,984 - case - INFO - data: {
    "loginPassword": "111111", 
    "mobile": "13544989573", 
    "type": 0
} - [test_order.py:44]
2020-11-10 18:23:31,986 - request - INFO - method: POST  url: http://eshop.tslj.cn/issec/auth/session/ - [request.py:34]
2020-11-10 18:23:31,987 - request - INFO - data: {'loginPassword': '111111', 'mobile': '13544989573', 'type': 0} - [request.py:35]
2020-11-10 18:23:31,987 - request - INFO - cookie: write - [request.py:36]
2020-11-10 18:23:32,165 - request - ERROR - cookie_dict: {'SESSION': 'e562b1c2-cfa6-44e2-9278-366bb0dbc874'} - [request.py:49]
2020-11-10 18:23:32,169 - request - ERROR - type: <class 'dict'> - [request.py:50]
2020-11-10 18:23:32,173 - request - INFO - response: {"platformType":"eshop","code":200,"message":"操作成功","jwtToken":"eyJhbGciOiJIUzI1NiIsInR5cCI6IkpXVCJ9.eyJsb2dpbk5hbWUiOiJudWxsIiwibW9iaWxlIjoiMTM1NDQ5ODk1NzMiLCJleHAiOjE2MDUwMTEwMTEsImlhdCI6MTYwNTAwMzgxMSwibWVtYmVySWQiOiIxNTEzODI4OTc3MzA4NjcyMDAifQ.i9p5Lt_dJWJVnKjLRm4tc_J_oKgZDkFH92ZPmQKaw2M","cmappToken":null,"userInfo":{"loginName":null,"nickName":"女","mobile":"13544989573","memberId":"151382897730867200","sex":1,"headPortrait":null,"memberStatus":null,"employeeId":null}} - [request.py:62]
2020-11-10 18:23:32,175 - case - INFO - resp_actual: ['操作成功'], expected: ['操作成功'] - [test_order.py:56]
2020-11-10 18:23:32,260 - case - INFO - 第1用例执行结果：PASS - [test_order.py:61]
2020-11-10 18:23:32,264 - case - INFO - 开始执行第2用例 - [test_order.py:40]
2020-11-10 18:23:32,265 - case - INFO - data: {
    "currentPage": 1,
    "pageSize": 16,
    "keyword": "18K白色黄金钻石吊坠"
} - [test_order.py:44]
2020-11-10 18:23:32,267 - request - INFO - method: POST  url: http://eshop.tslj.cn/issec/search/search/v1/query - [request.py:34]
2020-11-10 18:23:32,267 - request - INFO - data: {'currentPage': 1, 'pageSize': 16, 'keyword': '18K白色黄金钻石吊坠'} - [request.py:35]
2020-11-10 18:23:32,267 - request - INFO - cookie: yes - [request.py:36]
2020-11-10 18:23:32,268 - request - INFO - headers: {'Content-Type': 'application/json; charset=UTF-8', 'Referer': 'http://eshop.tslj.cn/', 'Cookie': 'SESSION=e562b1c2-cfa6-44e2-9278-366bb0dbc874'} - [request.py:56]
2020-11-10 18:23:32,334 - request - INFO - response: {"code":200,"message":"操作成功","page":{"currentPage":1,"pageSize":16,"totalPage":22,"totalCount":349,"datas":[{"id":"141892382666883072","firstCategory":"TSL","secondCategory":"K金","threeCategory":"吊坠","showFirstCategory":null,"showSecondCategory":null,"showThreeCategory":null,"brand":null,"merchantId":"123","merchantName":"谢瑞麟官网","spuName":"SNOOPY 史努比系列 18K白色黄金钻石吊坠","keyword":"吊坠","introduction":"123","defaultSkuId":"141892386704949248","skuName":"SNOOPY 史努比系列 18K白色黄金钻石吊坠","defaultPicture":"http://tslycc.test.upcdn.net/uploads/images/1539173583393.jpg","price":699000,"comment":0,"sales":0,"createDate":"2020-09-15 11:22:19"},{"id":"130097837373448192","firstCategory":"TSL","secondCategory":"铂金","threeCategory":"吊坠","showFirstCategory":null,"showSecondCategory":null,"showThreeCategory":null,"brand":null,"merchantId":"123","merchantName":"谢瑞麟官网","spuName":"Estrella 18K白色黄金钻石吊坠 - 简约四爪款","keyword":"PX620 钻石吊坠 Estrella","introduction":"123","defaultSkuId":"130098040832843776","skuName":"Estrella 18K白色黄金钻石吊坠 - 简约四爪款","defaultPicture":"http://tslycc.test.upcdn.net/uploads/images/1527925605111.jpg","price":5300000,"comment":0,"sales":0,"createDate":"2018-08-01 16:19:14"},{"id":"185556623468630016","firstCategory":"TSL","secondCategory":"K金","threeCategory":"吊坠","showFirstCategory":null,"showSecondCategory":null,"showThreeCategory":null,"brand":null,"merchantId":"123","merchantName":"谢瑞麟官网","spuName":"【门店精选】18K白色黄金钻石吊坠","keyword":"60488","introduction":"123","defaultSkuId":"185556654699417600","skuName":"【门店精选】18K白色黄金钻石吊坠","defaultPicture":"http://tslycc.test.upcdn.net/uploads/images/1586316375184.jpg","price":697900,"comment":0,"sales":0,"createDate":"2020-04-08 11:26:34"},{"id":"185557802010382336","firstCategory":"TSL","secondCategory":"K金","threeCategory":"吊坠","showFirstCategory":null,"showSecondCategory":null,"showThreeCategory":null,"brand":null,"merchantId":"123","merchantName":"谢瑞麟官网","spuName":"【门店精选】18K白色黄金钻石吊坠","keyword":"61170","introduction":"123","defaultSkuId":"185557821337735168","skuName":"【门店精选】18K白色黄金钻石吊坠","defaultPicture":"http://tslycc.test.upcdn.net/uploads/images/1585715130016.jpg","price":289100,"comment":0,"sales":0,"createDate":"2020-04-01 12:26:01"},{"id":"190704032639127552","firstCategory":"TSL","secondCategory":"K金","threeCategory":"吊坠","showFirstCategory":null,"showSecondCategory":null,"showThreeCategory":null,"brand":null,"merchantId":"123","merchantName":"谢瑞麟官网","spuName":"【门店精选】18K白色黄金钻石吊坠","keyword":"61174","introduction":"123","defaultSkuId":"190704107513745408","skuName":"【门店精选】18K白色黄金钻石吊坠","defaultPicture":"http://tslycc.test.upcdn.net/uploads/images/1585724053126.jpg","price":349500,"comment":0,"sales":0,"createDate":"2020-04-08 16:54:44"},{"id":"191325629616001024","firstCategory":"TSL","secondCategory":"K金","threeCategory":"吊坠","showFirstCategory":null,"showSecondCategory":null,"showThreeCategory":null,"brand":null,"merchantId":"123","merchantName":"谢瑞麟官网","spuName":"【门店精选】18K白色黄金钻石吊坠","keyword":"61178","introduction":"123","defaultSkuId":"191325655129952256","skuName":"【门店精选】18K白色黄金钻石吊坠","defaultPicture":"http://tslycc.test.upcdn.net/uploads/images/1586316848630.jpg","price":629000,"comment":0,"sales":1,"createDate":"2020-04-08 11:34:18"},{"id":"206549023802286080","firstCategory":"TSL","secondCategory":"K金","threeCategory":"吊坠","showFirstCategory":null,"showSecondCategory":null,"showThreeCategory":null,"brand":null,"merchantId":"123","merchantName":"谢瑞麟官网","spuName":"18K白色黄金钻石钥匙KEYS吊坠","keyword":"61293","introduction":"123","defaultSkuId":"206549057306386432","skuName":"18K白色黄金钻石钥匙KEYS吊坠","defaultPicture":"http://tslycc.tslj.cn/uploads/images/1600835017031.jpg","price":1379000,"comment":0,"sales":0,"createDate":"2020-09-23 12:23:46"},{"id":"145595661765672960","firstCategory":"TSL","secondCategory":"K金","threeCategory":"吊坠","showFirstCategory":null,"showSecondCategory":null,"showThreeCategory":null,"brand":null,"merchantId":"123","merchantName":"谢瑞麟官网","spuName":"Eternal Embrace 拥抱爱系列 18K白色黄金钻石吊坠","keyword":"60162 Eternal 18K 吊坠","introduction":"123","defaultSkuId":"145595711257411584","skuName":"Eternal Embrace 拥抱爱系列 18K白色黄金钻石吊坠","defaultPicture":"http://tslycc.test.upcdn.net/uploads/images/1542705369104.jpg","price":1399000,"comment":0,"sales":0,"createDate":"2019-01-02 09:09:07"},{"id":"141887785203236864","firstCategory":"TSL","secondCategory":"K金","threeCategory":"吊坠","showFirstCategory":null,"showSecondCategory":null,"showThreeCategory":null,"brand":null,"merchantId":"123","merchantName":"谢瑞麟官网","spuName":"SNOOPY 史努比系列 18K白色黄金吊坠","keyword":"吊坠 SNOOPY","introduction":"123","defaultSkuId":"141887823407054848","skuName":"SNOOPY 史努比系列 18K白色黄金吊坠","defaultPicture":"http://tslycc.test.upcdn.net/uploads/images/1539169250766.jpg","price":329000,"comment":0,"sales":0,"createDate":"2020-09-15 11:23:47"},{"id":"143062321979293696","firstCategory":"TSL","secondCategory":"K金","threeCategory":"吊坠","showFirstCategory":null,"showSecondCategory":null,"showThreeCategory":null,"brand":null,"merchantId":"123","merchantName":"谢瑞麟官网","spuName":"KEYS 系列 18K白色黄金钻石吊坠","keyword":"61295 KEY 钥匙","introduction":"123","defaultSkuId":"143062477496745984","skuName":"KEYS 系列 18K白色黄金钻石吊坠","defaultPicture":"http://tslycc.test.upcdn.net/uploads/images/1540289483260.jpg","price":1299000,"comment":0,"sales":0,"createDate":"2018-10-23 18:39:09"},{"id":"148014974661332992","firstCategory":"TSL","secondCategory":"K金","threeCategory":"吊坠","showFirstCategory":null,"showSecondCategory":null,"showThreeCategory":null,"brand":null,"merchantId":"123","merchantName":"谢瑞麟官网","spuName":"KEYS 系列 18K红色及白色黄金钻石吊坠","keyword":"61402","introduction":"123","defaultSkuId":"148014983508168704","skuName":"KEYS 系列 18K红色及白色黄金钻石吊坠","defaultPicture":"http://tslycc.test.upcdn.net/uploads/images/1545012546835.jpg","price":789000,"comment":0,"sales":1,"createDate":"2019-02-13 17:22:17"},{"id":"148013932144005120","firstCategory":"TSL","secondCategory":"K金","threeCategory":"吊坠","showFirstCategory":null,"showSecondCategory":null,"showThreeCategory":null,"brand":null,"merchantId":"123","merchantName":"谢瑞麟官网","spuName":"KEYS 系列 18K白色黄金钻石吊坠","keyword":"S5845","introduction":"123","defaultSkuId":"148014119076794368","skuName":"KEYS 系列 18K白色黄金钻石吊坠","defaultPicture":"http://tslycc.test.upcdn.net/uploads/images/1545011699542.jpg","price":1529000,"comment":0,"sales":0,"createDate":"2019-02-15 16:37:23"},{"id":"183000089652989952","firstCategory":"TSL","secondCategory":"K金","threeCategory":"吊坠","showFirstCategory":null,"showSecondCategory":null,"showThreeCategory":null,"brand":null,"merchantId":"123","merchantName":"谢瑞麟官网","spuName":"【门店精选】18K白色黄金钻石吊坠","keyword":"BA907","introduction":"123","defaultSkuId":"183000113864609792","skuName":"【门店精选】18K白色黄金钻石吊坠","defaultPicture":"http://tslycc.test.upcdn.net/uploads/images/1585902522809.jpg","price":299800,"comment":0,"sales":1,"createDate":"2020-04-08 16:54:45"},{"id":"188260928809177088","firstCategory":"TSL","secondCategory":"K金","threeCategory":"吊坠","showFirstCategory":null,"showSecondCategory":null,"showThreeCategory":null,"brand":null,"merchantId":"123","merchantName":"谢瑞麟官网","spuName":"【门店精选】18K红色和白色黄金钻石吊坠","keyword":"60491","introduction":"123","defaultSkuId":"188260968162234368","skuName":"【门店精选】18K红色和白色黄金钻石吊坠","defaultPicture":"http://tslycc.test.upcdn.net/uploads/images/1583394136034.jpg","price":738900,"comment":0,"sales":6,"createDate":"2020-06-23 11:40:59"},{"id":"190535124535775232","firstCategory":"TSL","secondCategory":"K金","threeCategory":"吊坠","showFirstCategory":null,"showSecondCategory":null,"showThreeCategory":null,"brand":null,"merchantId":"123","merchantName":"谢瑞麟官网","spuName":"【门店精选】18K白色黄金钻石吊坠","keyword":"BB311","introduction":"123","defaultSkuId":"190535156288753664","skuName":"【门店精选】18K白色黄金钻石吊坠","defaultPicture":"http://tslycc.test.upcdn.net/uploads/images/1585562967653.jpg","price":521500,"comment":0,"sales":0,"createDate":"2020-04-28 10:46:20"},{"id":"190600265173340160","firstCategory":"TSL","secondCategory":"K金","threeCategory":"吊坠","showFirstCategory":null,"showSecondCategory":null,"showThreeCategory":null,"brand":null,"merchantId":"123","merchantName":"谢瑞麟官网","spuName":"【门店精选】18K白色黄金钻石吊坠","keyword":"PU073","introduction":"123","defaultSkuId":"190600323626209280","skuName":"【门店精选】18K白色黄金钻石吊坠","defaultPicture":"http://tslycc.test.upcdn.net/uploads/images/1585625097156.jpg","price":479200,"comment":0,"sales":0,"createDate":"2020-04-08 16:54:43"}]}} - [request.py:62]
2020-11-10 18:23:32,335 - case - INFO - resp_actual: ['141892386704949248'], expected: ['141892386704949248'] - [test_order.py:56]
2020-11-10 18:23:32,418 - case - INFO - 第2用例执行结果：PASS - [test_order.py:61]
2020-11-10 18:23:32,419 - case - INFO - productId_json: $.page.datas[?(@.spuName== 'SNOOPY 史努比系列 18K白色黄金钻石吊坠')].defaultSkuId - [test_order.py:72]
2020-11-10 18:23:32,423 - case - INFO - productId: 141892386704949248 - [test_order.py:74]
2020-11-10 18:23:32,427 - case - INFO - 开始执行第3用例 - [test_order.py:40]
2020-11-10 18:23:32,428 - case - INFO - data: {
    "memberId": 151382897730867200,
    "merchantId": "123",
    "productId": "141892386704949248",
    "productItemId": "null",
    "quantity": 1,
    "type": 1,
    "deliveryType": 1,
    "entrance": 2
} - [test_order.py:44]
2020-11-10 18:23:32,432 - request - INFO - method: POST  url: http://eshop.tslj.cn/issec/shoppingCart/shoppingCart/v1/cartItem - [request.py:34]
2020-11-10 18:23:32,432 - request - INFO - data: {'memberId': 151382897730867200, 'merchantId': '123', 'productId': '141892386704949248', 'productItemId': 'null', 'quantity': 1, 'type': 1, 'deliveryType': 1, 'entrance': 2} - [request.py:35]
2020-11-10 18:23:32,433 - request - INFO - cookie: yes - [request.py:36]
2020-11-10 18:23:32,434 - request - INFO - headers: {'Content-Type': 'application/json; charset=UTF-8', 'Referer': 'http://eshop.tslj.cn/', 'Cookie': 'SESSION=e562b1c2-cfa6-44e2-9278-366bb0dbc874'} - [request.py:56]
2020-11-10 18:23:32,630 - request - INFO - response: {"code":9999,"message":"购买数量超过库存"} - [request.py:62]
2020-11-10 18:23:32,630 - case - INFO - resp_actual: ['购买数量超过库存'], expected: ['操作成功'] - [test_order.py:56]
2020-11-10 18:23:32,718 - case - ERROR - 第3用例执行结果：FAIL - [test_order.py:64]
2020-11-10 18:23:32,724 - case - INFO - 开始执行第4用例 - [test_order.py:40]
2020-11-10 18:23:32,724 - case - INFO - data: {} - [test_order.py:44]
2020-11-10 18:23:32,726 - request - INFO - method: GET  url: http://eshop.tslj.cn/issec/member/shoppingCart2/?sn=1601882660106 - [request.py:34]
2020-11-10 18:23:32,727 - request - INFO - data: {} - [request.py:35]
2020-11-10 18:23:32,727 - request - INFO - cookie: yes - [request.py:36]
2020-11-10 18:23:33,296 - case - INFO - resp_actual: [200], expected: [200] - [test_order.py:56]
2020-11-10 18:23:33,381 - case - INFO - 第4用例执行结果：PASS - [test_order.py:61]
2020-11-10 18:23:33,382 - case - INFO - amount: 1 - [test_order.py:81]
2020-11-10 18:23:33,396 - case - INFO - 开始执行第5用例 - [test_order.py:40]
2020-11-10 18:23:33,397 - case - INFO - data:  [
    {
        "promotionId": "",
        "productItem": [
            {
                "productId": "141892386704949248",
                "quantity": "1",
                "type": 1,
                "shopId": "",
                "deliveryType": 1,
                "exchangeType": ""
            }
        ]
    }
] - [test_order.py:44]
2020-11-10 18:23:33,399 - request - INFO - method: POST  url: http://eshop.tslj.cn/issec/settlement/settlement/v1/newstatements/ - [request.py:34]
2020-11-10 18:23:33,399 - request - INFO - data: [{'promotionId': '', 'productItem': [{'productId': '141892386704949248', 'quantity': '1', 'type': 1, 'shopId': '', 'deliveryType': 1, 'exchangeType': ''}]}] - [request.py:35]
2020-11-10 18:23:33,399 - request - INFO - cookie: yes - [request.py:36]
2020-11-10 18:23:33,400 - request - INFO - headers: {'Content-Type': 'application/json; charset=UTF-8', 'Referer': 'http://eshop.tslj.cn/', 'Cookie': 'SESSION=e562b1c2-cfa6-44e2-9278-366bb0dbc874'} - [request.py:56]
2020-11-10 18:23:33,503 - request - INFO - response: {"memberId":"151382897730867200","code":200,"message":"结算成功","TempOrder":[{"memberId":"151382897730867200","orderId":null,"merchantName":"谢瑞麟官网","merchantId":"123","storeHouseName":null,"storeHouseId":null,"freightPrice":0,"amount":699000,"orderType":1,"deliveryType":1,"address":{"id":"25e7e7f5e28c433698fdb8f03373b0a6","memberId":"151382897730867200","receiverName":"魏大勋","receiverAddress":"湖南省长沙市天心区甜心一号11巷","receiverMobile":"13544989573","receiverPostcode":null,"longitude":null,"latitude":null,"memo":null,"default_status":1},"SettlementProductItem":[{"product":{"id":"141892386704949248","merchantId":"123","spuId":"141892382666883072","name":"SNOOPY 史努比系列 18K白色黄金钻石吊坠","price":699000,"originalPrice":0,"manualFee":null,"stock":1,"sales":0,"barcode":"61322-DDBK-W","code":1,"status":1,"createDate":"2018-10-10 20:13:39","updateDate":"2020-09-15 11:22:19","defaultPicture":"http://tslycc.test.upcdn.net/uploads/images/1539173583393.jpg","presaleStatus":0,"type":1,"appointment":0,"centreStock":1},"quantity":1,"sum":699000,"proDiscount":0,"couponDiscount":null,"specValues":null,"promotionItem":{"id":null,"name":null,"merchantid":null,"type":null,"operatorId":null,"memo":null,"startDate":null,"endDate":null,"status":null,"typeAlone":null,"discount":null,"limitNum":null,"directAmount":null,"pdsArray":null,"proArray":null}}],"exchangeCoupnItem":null}]} - [request.py:62]
2020-11-10 18:23:33,504 - case - INFO - resp_actual: [200], expected: [200] - [test_order.py:56]
2020-11-10 18:23:33,593 - case - INFO - 第5用例执行结果：PASS - [test_order.py:61]
2020-11-10 18:23:33,598 - case - INFO - 开始执行第6用例 - [test_order.py:40]
2020-11-10 18:23:33,598 - case - INFO - data: {
    "products": [
        {
            "productId": "141892386704949248",
            "quantity": "1"
        }
    ]
} - [test_order.py:44]
2020-11-10 18:23:33,600 - request - INFO - method: POST  url: http://eshop.tslj.cn/issec/campaign/Campaign/v1/getCouponOrderInfo - [request.py:34]
2020-11-10 18:23:33,601 - request - INFO - data: {'products': [{'productId': '141892386704949248', 'quantity': '1'}]} - [request.py:35]
2020-11-10 18:23:33,601 - request - INFO - cookie: yes - [request.py:36]
2020-11-10 18:23:33,602 - request - INFO - headers: {'Content-Type': 'application/json; charset=UTF-8', 'Referer': 'http://eshop.tslj.cn/', 'Cookie': 'SESSION=e562b1c2-cfa6-44e2-9278-366bb0dbc874'} - [request.py:56]
2020-11-10 18:23:33,671 - request - INFO - response: {"code":200,"message":"操作成功","couponUseProductInfos":[{"productId":"141892386704949248","couponProductUseInfo":[],"couponProductNoUseInfo":[]}]} - [request.py:62]
2020-11-10 18:23:33,672 - case - INFO - resp_actual: [200], expected: [200] - [test_order.py:56]
2020-11-10 18:23:33,780 - case - INFO - 第6用例执行结果：PASS - [test_order.py:61]
2020-11-10 18:23:33,783 - case - INFO - 开始执行第7用例 - [test_order.py:40]
2020-11-10 18:23:33,784 - case - INFO - data: {
    "addressId": "25e7e7f5e28c433698fdb8f03373b0a6",
    "remark": "",
    "discountcodeList": [],
    "couponList": [],
    "operator": ""
} - [test_order.py:44]
2020-11-10 18:23:33,785 - request - INFO - method: PATCH  url: http://eshop.tslj.cn/issec/settlement/settlement/v1/neworder/campain - [request.py:34]
2020-11-10 18:23:33,786 - request - INFO - data: {'addressId': '25e7e7f5e28c433698fdb8f03373b0a6', 'remark': '', 'discountcodeList': [], 'couponList': [], 'operator': ''} - [request.py:35]
2020-11-10 18:23:33,786 - request - INFO - cookie: yes - [request.py:36]
2020-11-10 18:23:33,786 - request - INFO - headers: {'Content-Type': 'application/json; charset=UTF-8', 'Referer': 'http://eshop.tslj.cn/', 'Cookie': 'SESSION=e562b1c2-cfa6-44e2-9278-366bb0dbc874'} - [request.py:92]
2020-11-10 18:23:33,866 - request - INFO - response: {"code":200,"message":"优惠计算成功","couponPrice":0,"discountCodePrice":0,"promotionPrice":0,"countPrice":699000,"couponUseProductInfos":null} - [request.py:99]
2020-11-10 18:23:33,867 - case - INFO - resp_actual: [200], expected: [200] - [test_order.py:56]
2020-11-10 18:23:33,966 - case - INFO - 第7用例执行结果：PASS - [test_order.py:61]
2020-11-10 18:23:33,970 - case - INFO - 开始执行第8用例 - [test_order.py:40]
2020-11-10 18:23:33,971 - case - INFO - data: {} - [test_order.py:44]
2020-11-10 18:23:33,973 - request - INFO - method: DELETE  url: http://eshop.tslj.cn/issec/auth/session/ - [request.py:34]
2020-11-10 18:23:33,973 - request - INFO - data: {} - [request.py:35]
2020-11-10 18:23:33,974 - request - INFO - cookie: yes - [request.py:36]
2020-11-10 18:23:33,975 - request - INFO - headers: {'Content-Type': 'application/json; charset=UTF-8', 'Referer': 'http://eshop.tslj.cn/', 'Cookie': 'SESSION=e562b1c2-cfa6-44e2-9278-366bb0dbc874'} - [request.py:110]
2020-11-10 18:23:34,036 - request - INFO - response: {"code":200,"message":"操作成功"} - [request.py:117]
2020-11-10 18:23:34,036 - case - INFO - resp_actual: [200], expected: [200] - [test_order.py:56]
2020-11-10 18:23:34,123 - case - INFO - 第8用例执行结果：PASS - [test_order.py:61]
2020-11-10 18:23:34,126 - case - INFO - 开始执行第9用例 - [test_order.py:40]
2020-11-10 18:23:34,127 - case - INFO - data: {
    "loginPassword": "111111", 
    "mobile": "13544989573", 
    "type": 0
} - [test_order.py:44]
2020-11-10 18:23:34,129 - request - INFO - method: POST  url: http://eshop.tslj.cn/issec/auth/session/ - [request.py:34]
2020-11-10 18:23:34,129 - request - INFO - data: {'loginPassword': '111111', 'mobile': '13544989573', 'type': 0} - [request.py:35]
2020-11-10 18:23:34,130 - request - INFO - cookie: write - [request.py:36]
2020-11-10 18:23:34,238 - request - ERROR - cookie_dict: {} - [request.py:49]
2020-11-10 18:23:34,241 - request - ERROR - type: <class 'dict'> - [request.py:50]
2020-11-10 18:23:34,245 - request - INFO - response: {"platformType":"eshop","code":200,"message":"操作成功","jwtToken":"eyJhbGciOiJIUzI1NiIsInR5cCI6IkpXVCJ9.eyJsb2dpbk5hbWUiOiJudWxsIiwibW9iaWxlIjoiMTM1NDQ5ODk1NzMiLCJleHAiOjE2MDUwMTEwMTMsImlhdCI6MTYwNTAwMzgxMywibWVtYmVySWQiOiIxNTEzODI4OTc3MzA4NjcyMDAifQ.GlIJ5Lvbo_PdNbM_eECU-71_sSuL-KBkpFzC32hBgM8","cmappToken":null,"userInfo":{"loginName":null,"nickName":"女","mobile":"13544989573","memberId":"151382897730867200","sex":1,"headPortrait":null,"memberStatus":null,"employeeId":null}} - [request.py:62]
2020-11-10 18:23:34,245 - case - INFO - resp_actual: ['操作成功'], expected: ['操作成功'] - [test_order.py:56]
2020-11-10 18:23:34,341 - case - INFO - 第9用例执行结果：PASS - [test_order.py:61]
2020-11-10 18:23:34,345 - case - INFO - 开始执行第10用例 - [test_order.py:40]
2020-11-10 18:23:34,345 - case - INFO - data: {
    "currentPage": 1,
    "pageSize": 16,
    "keyword": "18K白色黄金钻石吊坠"
} - [test_order.py:44]
2020-11-10 18:23:34,347 - request - INFO - method: POST  url: http://eshop.tslj.cn/issec/search/search/v1/query - [request.py:34]
2020-11-10 18:23:34,347 - request - INFO - data: {'currentPage': 1, 'pageSize': 16, 'keyword': '18K白色黄金钻石吊坠'} - [request.py:35]
2020-11-10 18:23:34,347 - request - INFO - cookie: yes - [request.py:36]
2020-11-10 18:23:34,354 - case - INFO - 开始执行第11用例 - [test_order.py:40]
2020-11-10 18:23:34,354 - case - INFO - data: {
    "memberId": 151382897730867200,
    "merchantId": "123",
    "productId": "141892386704949248",
    "productItemId": "null",
    "quantity": 1,
    "type": 1,
    "deliveryType": 1,
    "entrance": 2
} - [test_order.py:44]
2020-11-10 18:23:34,357 - request - INFO - method: POST  url: http://eshop.tslj.cn/issec/shoppingCart/shoppingCart/v1/cartItem - [request.py:34]
2020-11-10 18:23:34,357 - request - INFO - data: {'memberId': 151382897730867200, 'merchantId': '123', 'productId': '141892386704949248', 'productItemId': 'null', 'quantity': 1, 'type': 1, 'deliveryType': 1, 'entrance': 2} - [request.py:35]
2020-11-10 18:23:34,357 - request - INFO - cookie: yes - [request.py:36]
2020-11-10 18:23:34,362 - case - INFO - 开始执行第12用例 - [test_order.py:40]
2020-11-10 18:23:34,363 - case - INFO - data:  [
    {
        "promotionId": "",
        "productItem": [
            {
                "productId": "141892386704949248",
                "quantity": "1",
                "type": 1,
                "shopId": "",
                "deliveryType": 1,
                "exchangeType": ""
            }
        ]
    }
] - [test_order.py:44]
2020-11-10 18:23:34,365 - request - INFO - method: POST  url: http://eshop.tslj.cn/issec/settlement/settlement/v1/newstatements/ - [request.py:34]
2020-11-10 18:23:34,365 - request - INFO - data: [{'promotionId': '', 'productItem': [{'productId': '141892386704949248', 'quantity': '1', 'type': 1, 'shopId': '', 'deliveryType': 1, 'exchangeType': ''}]}] - [request.py:35]
2020-11-10 18:23:34,365 - request - INFO - cookie: yes - [request.py:36]
2020-11-10 18:23:34,372 - case - INFO - 开始执行第13用例 - [test_order.py:40]
2020-11-10 18:23:34,372 - case - INFO - data: {
    "products": [
        {
            "productId": "141892386704949248",
            "quantity": "1"
        }
    ]
} - [test_order.py:44]
2020-11-10 18:23:34,374 - request - INFO - method: POST  url: http://eshop.tslj.cn/issec/campaign/Campaign/v1/getCouponOrderInfo - [request.py:34]
2020-11-10 18:23:34,375 - request - INFO - data: {'products': [{'productId': '141892386704949248', 'quantity': '1'}]} - [request.py:35]
2020-11-10 18:23:34,375 - request - INFO - cookie: yes - [request.py:36]
2020-11-10 18:23:34,385 - case - INFO - 开始执行第14用例 - [test_order.py:40]
2020-11-10 18:23:34,385 - case - INFO - data: {
    "addressId": "25e7e7f5e28c433698fdb8f03373b0a6",
    "remark": "",
    "discountcodeList": [],
    "couponList": [],
    "operator": ""
} - [test_order.py:44]
2020-11-10 18:23:34,388 - request - INFO - method: PATCH  url: http://eshop.tslj.cn/issec/settlement/settlement/v1/neworder/campain - [request.py:34]
2020-11-10 18:23:34,388 - request - INFO - data: {'addressId': '25e7e7f5e28c433698fdb8f03373b0a6', 'remark': '', 'discountcodeList': [], 'couponList': [], 'operator': ''} - [request.py:35]
2020-11-10 18:23:34,389 - request - INFO - cookie: yes - [request.py:36]
2020-11-10 18:31:54,772 - case - INFO - 初始化测试 - [test_order.py:30]
2020-11-10 18:31:54,774 - case - INFO - 开始执行第1用例 - [test_order.py:40]
2020-11-10 18:31:54,774 - case - INFO - data: {
    "loginPassword": "111111", 
    "mobile": "13544989573", 
    "type": 0
} - [test_order.py:44]
2020-11-10 18:31:54,776 - request - INFO - method: POST  url: http://eshop.tslj.cn/issec/auth/session/ - [request.py:34]
2020-11-10 18:31:54,776 - request - INFO - data: {'loginPassword': '111111', 'mobile': '13544989573', 'type': 0} - [request.py:35]
2020-11-10 18:31:54,777 - request - INFO - cookie: write - [request.py:36]
2020-11-10 18:31:54,959 - request - ERROR - cookie_dict: {'SESSION': 'ba97547b-0346-4536-981d-09d6f5cf4fe4'} - [request.py:49]
2020-11-10 18:31:55,004 - request - INFO - response: {"platformType":"eshop","code":200,"message":"操作成功","jwtToken":"eyJhbGciOiJIUzI1NiIsInR5cCI6IkpXVCJ9.eyJsb2dpbk5hbWUiOiJudWxsIiwibW9iaWxlIjoiMTM1NDQ5ODk1NzMiLCJleHAiOjE2MDUwMTE1MTQsImlhdCI6MTYwNTAwNDMxNCwibWVtYmVySWQiOiIxNTEzODI4OTc3MzA4NjcyMDAifQ.te0V0E4uNVF6oXqjLTZ0bXB6FOECIfCIzOyg5X5WQNo","cmappToken":null,"userInfo":{"loginName":null,"nickName":"女","mobile":"13544989573","memberId":"151382897730867200","sex":1,"headPortrait":null,"memberStatus":null,"employeeId":null}} - [request.py:61]
2020-11-10 18:31:55,008 - case - INFO - resp_actual: ['操作成功'], expected: ['操作成功'] - [test_order.py:56]
2020-11-10 18:31:55,094 - case - INFO - 第1用例执行结果：PASS - [test_order.py:61]
2020-11-10 18:31:55,098 - case - INFO - 开始执行第2用例 - [test_order.py:40]
2020-11-10 18:31:55,098 - case - INFO - data: {
    "currentPage": 1,
    "pageSize": 16,
    "keyword": "18K白色黄金钻石吊坠"
} - [test_order.py:44]
2020-11-10 18:31:55,100 - request - INFO - method: POST  url: http://eshop.tslj.cn/issec/search/search/v1/query - [request.py:34]
2020-11-10 18:31:55,100 - request - INFO - data: {'currentPage': 1, 'pageSize': 16, 'keyword': '18K白色黄金钻石吊坠'} - [request.py:35]
2020-11-10 18:31:55,100 - request - INFO - cookie: yes - [request.py:36]
2020-11-10 18:31:55,101 - request - INFO - headers: {'Content-Type': 'application/json; charset=UTF-8', 'Referer': 'http://eshop.tslj.cn/', 'Cookie': 'SESSION=ba97547b-0346-4536-981d-09d6f5cf4fe4'} - [request.py:55]
2020-11-10 18:31:55,164 - request - INFO - response: {"code":200,"message":"操作成功","page":{"currentPage":1,"pageSize":16,"totalPage":22,"totalCount":349,"datas":[{"id":"141892382666883072","firstCategory":"TSL","secondCategory":"K金","threeCategory":"吊坠","showFirstCategory":null,"showSecondCategory":null,"showThreeCategory":null,"brand":null,"merchantId":"123","merchantName":"谢瑞麟官网","spuName":"SNOOPY 史努比系列 18K白色黄金钻石吊坠","keyword":"吊坠","introduction":"123","defaultSkuId":"141892386704949248","skuName":"SNOOPY 史努比系列 18K白色黄金钻石吊坠","defaultPicture":"http://tslycc.test.upcdn.net/uploads/images/1539173583393.jpg","price":699000,"comment":0,"sales":0,"createDate":"2020-09-15 11:22:19"},{"id":"130097837373448192","firstCategory":"TSL","secondCategory":"铂金","threeCategory":"吊坠","showFirstCategory":null,"showSecondCategory":null,"showThreeCategory":null,"brand":null,"merchantId":"123","merchantName":"谢瑞麟官网","spuName":"Estrella 18K白色黄金钻石吊坠 - 简约四爪款","keyword":"PX620 钻石吊坠 Estrella","introduction":"123","defaultSkuId":"130098040832843776","skuName":"Estrella 18K白色黄金钻石吊坠 - 简约四爪款","defaultPicture":"http://tslycc.test.upcdn.net/uploads/images/1527925605111.jpg","price":5300000,"comment":0,"sales":0,"createDate":"2018-08-01 16:19:14"},{"id":"185556623468630016","firstCategory":"TSL","secondCategory":"K金","threeCategory":"吊坠","showFirstCategory":null,"showSecondCategory":null,"showThreeCategory":null,"brand":null,"merchantId":"123","merchantName":"谢瑞麟官网","spuName":"【门店精选】18K白色黄金钻石吊坠","keyword":"60488","introduction":"123","defaultSkuId":"185556654699417600","skuName":"【门店精选】18K白色黄金钻石吊坠","defaultPicture":"http://tslycc.test.upcdn.net/uploads/images/1586316375184.jpg","price":697900,"comment":0,"sales":0,"createDate":"2020-04-08 11:26:34"},{"id":"185557802010382336","firstCategory":"TSL","secondCategory":"K金","threeCategory":"吊坠","showFirstCategory":null,"showSecondCategory":null,"showThreeCategory":null,"brand":null,"merchantId":"123","merchantName":"谢瑞麟官网","spuName":"【门店精选】18K白色黄金钻石吊坠","keyword":"61170","introduction":"123","defaultSkuId":"185557821337735168","skuName":"【门店精选】18K白色黄金钻石吊坠","defaultPicture":"http://tslycc.test.upcdn.net/uploads/images/1585715130016.jpg","price":289100,"comment":0,"sales":0,"createDate":"2020-04-01 12:26:01"},{"id":"190704032639127552","firstCategory":"TSL","secondCategory":"K金","threeCategory":"吊坠","showFirstCategory":null,"showSecondCategory":null,"showThreeCategory":null,"brand":null,"merchantId":"123","merchantName":"谢瑞麟官网","spuName":"【门店精选】18K白色黄金钻石吊坠","keyword":"61174","introduction":"123","defaultSkuId":"190704107513745408","skuName":"【门店精选】18K白色黄金钻石吊坠","defaultPicture":"http://tslycc.test.upcdn.net/uploads/images/1585724053126.jpg","price":349500,"comment":0,"sales":0,"createDate":"2020-04-08 16:54:44"},{"id":"191325629616001024","firstCategory":"TSL","secondCategory":"K金","threeCategory":"吊坠","showFirstCategory":null,"showSecondCategory":null,"showThreeCategory":null,"brand":null,"merchantId":"123","merchantName":"谢瑞麟官网","spuName":"【门店精选】18K白色黄金钻石吊坠","keyword":"61178","introduction":"123","defaultSkuId":"191325655129952256","skuName":"【门店精选】18K白色黄金钻石吊坠","defaultPicture":"http://tslycc.test.upcdn.net/uploads/images/1586316848630.jpg","price":629000,"comment":0,"sales":1,"createDate":"2020-04-08 11:34:18"},{"id":"206549023802286080","firstCategory":"TSL","secondCategory":"K金","threeCategory":"吊坠","showFirstCategory":null,"showSecondCategory":null,"showThreeCategory":null,"brand":null,"merchantId":"123","merchantName":"谢瑞麟官网","spuName":"18K白色黄金钻石钥匙KEYS吊坠","keyword":"61293","introduction":"123","defaultSkuId":"206549057306386432","skuName":"18K白色黄金钻石钥匙KEYS吊坠","defaultPicture":"http://tslycc.tslj.cn/uploads/images/1600835017031.jpg","price":1379000,"comment":0,"sales":0,"createDate":"2020-09-23 12:23:46"},{"id":"145595661765672960","firstCategory":"TSL","secondCategory":"K金","threeCategory":"吊坠","showFirstCategory":null,"showSecondCategory":null,"showThreeCategory":null,"brand":null,"merchantId":"123","merchantName":"谢瑞麟官网","spuName":"Eternal Embrace 拥抱爱系列 18K白色黄金钻石吊坠","keyword":"60162 Eternal 18K 吊坠","introduction":"123","defaultSkuId":"145595711257411584","skuName":"Eternal Embrace 拥抱爱系列 18K白色黄金钻石吊坠","defaultPicture":"http://tslycc.test.upcdn.net/uploads/images/1542705369104.jpg","price":1399000,"comment":0,"sales":0,"createDate":"2019-01-02 09:09:07"},{"id":"141887785203236864","firstCategory":"TSL","secondCategory":"K金","threeCategory":"吊坠","showFirstCategory":null,"showSecondCategory":null,"showThreeCategory":null,"brand":null,"merchantId":"123","merchantName":"谢瑞麟官网","spuName":"SNOOPY 史努比系列 18K白色黄金吊坠","keyword":"吊坠 SNOOPY","introduction":"123","defaultSkuId":"141887823407054848","skuName":"SNOOPY 史努比系列 18K白色黄金吊坠","defaultPicture":"http://tslycc.test.upcdn.net/uploads/images/1539169250766.jpg","price":329000,"comment":0,"sales":0,"createDate":"2020-09-15 11:23:47"},{"id":"143062321979293696","firstCategory":"TSL","secondCategory":"K金","threeCategory":"吊坠","showFirstCategory":null,"showSecondCategory":null,"showThreeCategory":null,"brand":null,"merchantId":"123","merchantName":"谢瑞麟官网","spuName":"KEYS 系列 18K白色黄金钻石吊坠","keyword":"61295 KEY 钥匙","introduction":"123","defaultSkuId":"143062477496745984","skuName":"KEYS 系列 18K白色黄金钻石吊坠","defaultPicture":"http://tslycc.test.upcdn.net/uploads/images/1540289483260.jpg","price":1299000,"comment":0,"sales":0,"createDate":"2018-10-23 18:39:09"},{"id":"148014974661332992","firstCategory":"TSL","secondCategory":"K金","threeCategory":"吊坠","showFirstCategory":null,"showSecondCategory":null,"showThreeCategory":null,"brand":null,"merchantId":"123","merchantName":"谢瑞麟官网","spuName":"KEYS 系列 18K红色及白色黄金钻石吊坠","keyword":"61402","introduction":"123","defaultSkuId":"148014983508168704","skuName":"KEYS 系列 18K红色及白色黄金钻石吊坠","defaultPicture":"http://tslycc.test.upcdn.net/uploads/images/1545012546835.jpg","price":789000,"comment":0,"sales":1,"createDate":"2019-02-13 17:22:17"},{"id":"148013932144005120","firstCategory":"TSL","secondCategory":"K金","threeCategory":"吊坠","showFirstCategory":null,"showSecondCategory":null,"showThreeCategory":null,"brand":null,"merchantId":"123","merchantName":"谢瑞麟官网","spuName":"KEYS 系列 18K白色黄金钻石吊坠","keyword":"S5845","introduction":"123","defaultSkuId":"148014119076794368","skuName":"KEYS 系列 18K白色黄金钻石吊坠","defaultPicture":"http://tslycc.test.upcdn.net/uploads/images/1545011699542.jpg","price":1529000,"comment":0,"sales":0,"createDate":"2019-02-15 16:37:23"},{"id":"183000089652989952","firstCategory":"TSL","secondCategory":"K金","threeCategory":"吊坠","showFirstCategory":null,"showSecondCategory":null,"showThreeCategory":null,"brand":null,"merchantId":"123","merchantName":"谢瑞麟官网","spuName":"【门店精选】18K白色黄金钻石吊坠","keyword":"BA907","introduction":"123","defaultSkuId":"183000113864609792","skuName":"【门店精选】18K白色黄金钻石吊坠","defaultPicture":"http://tslycc.test.upcdn.net/uploads/images/1585902522809.jpg","price":299800,"comment":0,"sales":1,"createDate":"2020-04-08 16:54:45"},{"id":"188260928809177088","firstCategory":"TSL","secondCategory":"K金","threeCategory":"吊坠","showFirstCategory":null,"showSecondCategory":null,"showThreeCategory":null,"brand":null,"merchantId":"123","merchantName":"谢瑞麟官网","spuName":"【门店精选】18K红色和白色黄金钻石吊坠","keyword":"60491","introduction":"123","defaultSkuId":"188260968162234368","skuName":"【门店精选】18K红色和白色黄金钻石吊坠","defaultPicture":"http://tslycc.test.upcdn.net/uploads/images/1583394136034.jpg","price":738900,"comment":0,"sales":6,"createDate":"2020-06-23 11:40:59"},{"id":"190535124535775232","firstCategory":"TSL","secondCategory":"K金","threeCategory":"吊坠","showFirstCategory":null,"showSecondCategory":null,"showThreeCategory":null,"brand":null,"merchantId":"123","merchantName":"谢瑞麟官网","spuName":"【门店精选】18K白色黄金钻石吊坠","keyword":"BB311","introduction":"123","defaultSkuId":"190535156288753664","skuName":"【门店精选】18K白色黄金钻石吊坠","defaultPicture":"http://tslycc.test.upcdn.net/uploads/images/1585562967653.jpg","price":521500,"comment":0,"sales":0,"createDate":"2020-04-28 10:46:20"},{"id":"190600265173340160","firstCategory":"TSL","secondCategory":"K金","threeCategory":"吊坠","showFirstCategory":null,"showSecondCategory":null,"showThreeCategory":null,"brand":null,"merchantId":"123","merchantName":"谢瑞麟官网","spuName":"【门店精选】18K白色黄金钻石吊坠","keyword":"PU073","introduction":"123","defaultSkuId":"190600323626209280","skuName":"【门店精选】18K白色黄金钻石吊坠","defaultPicture":"http://tslycc.test.upcdn.net/uploads/images/1585625097156.jpg","price":479200,"comment":0,"sales":0,"createDate":"2020-04-08 16:54:43"}]}} - [request.py:61]
2020-11-10 18:31:55,165 - case - INFO - resp_actual: ['141892386704949248'], expected: ['141892386704949248'] - [test_order.py:56]
2020-11-10 18:31:55,240 - case - INFO - 第2用例执行结果：PASS - [test_order.py:61]
2020-11-10 18:31:55,240 - case - INFO - productId_json: $.page.datas[?(@.spuName== 'SNOOPY 史努比系列 18K白色黄金钻石吊坠')].defaultSkuId - [test_order.py:72]
2020-11-10 18:31:55,244 - case - INFO - productId: 141892386704949248 - [test_order.py:74]
2020-11-10 18:31:55,251 - case - INFO - 开始执行第3用例 - [test_order.py:40]
2020-11-10 18:31:55,252 - case - INFO - data: {
    "memberId": 151382897730867200,
    "merchantId": "123",
    "productId": "141892386704949248",
    "productItemId": "null",
    "quantity": 1,
    "type": 1,
    "deliveryType": 1,
    "entrance": 2
} - [test_order.py:44]
2020-11-10 18:31:55,258 - request - INFO - method: POST  url: http://eshop.tslj.cn/issec/shoppingCart/shoppingCart/v1/cartItem - [request.py:34]
2020-11-10 18:31:55,259 - request - INFO - data: {'memberId': 151382897730867200, 'merchantId': '123', 'productId': '141892386704949248', 'productItemId': 'null', 'quantity': 1, 'type': 1, 'deliveryType': 1, 'entrance': 2} - [request.py:35]
2020-11-10 18:31:55,259 - request - INFO - cookie: yes - [request.py:36]
2020-11-10 18:31:55,260 - request - INFO - headers: {'Content-Type': 'application/json; charset=UTF-8', 'Referer': 'http://eshop.tslj.cn/', 'Cookie': 'SESSION=ba97547b-0346-4536-981d-09d6f5cf4fe4'} - [request.py:55]
2020-11-10 18:31:55,460 - request - INFO - response: {"code":200,"message":"操作成功"} - [request.py:61]
2020-11-10 18:31:55,462 - case - INFO - resp_actual: ['操作成功'], expected: ['操作成功'] - [test_order.py:56]
2020-11-10 18:31:55,549 - case - INFO - 第3用例执行结果：PASS - [test_order.py:61]
2020-11-10 18:31:55,553 - case - INFO - 开始执行第4用例 - [test_order.py:40]
2020-11-10 18:31:55,553 - case - INFO - data: {} - [test_order.py:44]
2020-11-10 18:31:55,555 - request - INFO - method: GET  url: http://eshop.tslj.cn/issec/member/shoppingCart2/?sn=1601882660106 - [request.py:34]
2020-11-10 18:31:55,556 - request - INFO - data: {} - [request.py:35]
2020-11-10 18:31:55,556 - request - INFO - cookie: yes - [request.py:36]
2020-11-10 18:31:56,123 - case - INFO - resp_actual: [200], expected: [200] - [test_order.py:56]
2020-11-10 18:31:56,222 - case - INFO - 第4用例执行结果：PASS - [test_order.py:61]
2020-11-10 18:31:56,223 - case - INFO - amount: 1 - [test_order.py:81]
2020-11-10 18:31:56,229 - case - INFO - 开始执行第5用例 - [test_order.py:40]
2020-11-10 18:31:56,229 - case - INFO - data:  [
    {
        "promotionId": "",
        "productItem": [
            {
                "productId": "141892386704949248",
                "quantity": "1",
                "type": 1,
                "shopId": "",
                "deliveryType": 1,
                "exchangeType": ""
            }
        ]
    }
] - [test_order.py:44]
2020-11-10 18:31:56,231 - request - INFO - method: POST  url: http://eshop.tslj.cn/issec/settlement/settlement/v1/newstatements/ - [request.py:34]
2020-11-10 18:31:56,231 - request - INFO - data: [{'promotionId': '', 'productItem': [{'productId': '141892386704949248', 'quantity': '1', 'type': 1, 'shopId': '', 'deliveryType': 1, 'exchangeType': ''}]}] - [request.py:35]
2020-11-10 18:31:56,232 - request - INFO - cookie: yes - [request.py:36]
2020-11-10 18:31:56,232 - request - INFO - headers: {'Content-Type': 'application/json; charset=UTF-8', 'Referer': 'http://eshop.tslj.cn/', 'Cookie': 'SESSION=ba97547b-0346-4536-981d-09d6f5cf4fe4'} - [request.py:55]
2020-11-10 18:31:56,338 - request - INFO - response: {"memberId":"151382897730867200","code":200,"message":"结算成功","TempOrder":[{"memberId":"151382897730867200","orderId":null,"merchantName":"谢瑞麟官网","merchantId":"123","storeHouseName":null,"storeHouseId":null,"freightPrice":0,"amount":699000,"orderType":1,"deliveryType":1,"address":{"id":"25e7e7f5e28c433698fdb8f03373b0a6","memberId":"151382897730867200","receiverName":"魏大勋","receiverAddress":"湖南省长沙市天心区甜心一号11巷","receiverMobile":"13544989573","receiverPostcode":null,"longitude":null,"latitude":null,"memo":null,"default_status":1},"SettlementProductItem":[{"product":{"id":"141892386704949248","merchantId":"123","spuId":"141892382666883072","name":"SNOOPY 史努比系列 18K白色黄金钻石吊坠","price":699000,"originalPrice":0,"manualFee":null,"stock":1,"sales":0,"barcode":"61322-DDBK-W","code":1,"status":1,"createDate":"2018-10-10 20:13:39","updateDate":"2020-09-15 11:22:19","defaultPicture":"http://tslycc.test.upcdn.net/uploads/images/1539173583393.jpg","presaleStatus":0,"type":1,"appointment":0,"centreStock":1},"quantity":1,"sum":699000,"proDiscount":0,"couponDiscount":null,"specValues":null,"promotionItem":{"id":null,"name":null,"merchantid":null,"type":null,"operatorId":null,"memo":null,"startDate":null,"endDate":null,"status":null,"typeAlone":null,"discount":null,"limitNum":null,"directAmount":null,"pdsArray":null,"proArray":null}}],"exchangeCoupnItem":null}]} - [request.py:61]
2020-11-10 18:31:56,338 - case - INFO - resp_actual: [200], expected: [200] - [test_order.py:56]
2020-11-10 18:31:56,467 - case - INFO - 第5用例执行结果：PASS - [test_order.py:61]
2020-11-10 18:31:56,475 - case - INFO - 开始执行第6用例 - [test_order.py:40]
2020-11-10 18:31:56,475 - case - INFO - data: {
    "products": [
        {
            "productId": "141892386704949248",
            "quantity": "1"
        }
    ]
} - [test_order.py:44]
2020-11-10 18:31:56,478 - request - INFO - method: POST  url: http://eshop.tslj.cn/issec/campaign/Campaign/v1/getCouponOrderInfo - [request.py:34]
2020-11-10 18:31:56,478 - request - INFO - data: {'products': [{'productId': '141892386704949248', 'quantity': '1'}]} - [request.py:35]
2020-11-10 18:31:56,478 - request - INFO - cookie: yes - [request.py:36]
2020-11-10 18:31:56,479 - request - INFO - headers: {'Content-Type': 'application/json; charset=UTF-8', 'Referer': 'http://eshop.tslj.cn/', 'Cookie': 'SESSION=ba97547b-0346-4536-981d-09d6f5cf4fe4'} - [request.py:55]
2020-11-10 18:31:56,555 - request - INFO - response: {"code":200,"message":"操作成功","couponUseProductInfos":[{"productId":"141892386704949248","couponProductUseInfo":[],"couponProductNoUseInfo":[]}]} - [request.py:61]
2020-11-10 18:31:56,555 - case - INFO - resp_actual: [200], expected: [200] - [test_order.py:56]
2020-11-10 18:31:56,647 - case - INFO - 第6用例执行结果：PASS - [test_order.py:61]
2020-11-10 18:31:56,652 - case - INFO - 开始执行第7用例 - [test_order.py:40]
2020-11-10 18:31:56,652 - case - INFO - data: {
    "addressId": "25e7e7f5e28c433698fdb8f03373b0a6",
    "remark": "",
    "discountcodeList": [],
    "couponList": [],
    "operator": ""
} - [test_order.py:44]
2020-11-10 18:31:56,655 - request - INFO - method: PATCH  url: http://eshop.tslj.cn/issec/settlement/settlement/v1/neworder/campain - [request.py:34]
2020-11-10 18:31:56,656 - request - INFO - data: {'addressId': '25e7e7f5e28c433698fdb8f03373b0a6', 'remark': '', 'discountcodeList': [], 'couponList': [], 'operator': ''} - [request.py:35]
2020-11-10 18:31:56,656 - request - INFO - cookie: yes - [request.py:36]
2020-11-10 18:31:56,657 - request - INFO - headers: {'Content-Type': 'application/json; charset=UTF-8', 'Referer': 'http://eshop.tslj.cn/', 'Cookie': 'SESSION=ba97547b-0346-4536-981d-09d6f5cf4fe4'} - [request.py:91]
2020-11-10 18:31:56,733 - request - INFO - response: {"code":200,"message":"优惠计算成功","couponPrice":0,"discountCodePrice":0,"promotionPrice":0,"countPrice":699000,"couponUseProductInfos":null} - [request.py:98]
2020-11-10 18:31:56,734 - case - INFO - resp_actual: [200], expected: [200] - [test_order.py:56]
2020-11-10 18:31:56,816 - case - INFO - 第7用例执行结果：PASS - [test_order.py:61]
2020-11-10 18:31:56,819 - case - INFO - 开始执行第8用例 - [test_order.py:40]
2020-11-10 18:31:56,820 - case - INFO - data: {
    "currentPage": 1,
    "pageSize": 16,
    "keyword": "18K白色黄金钻石吊坠"
} - [test_order.py:44]
2020-11-10 18:31:56,822 - request - INFO - method: POST  url: http://eshop.tslj.cn/issec/search/search/v1/query - [request.py:34]
2020-11-10 18:31:56,822 - request - INFO - data: {'currentPage': 1, 'pageSize': 16, 'keyword': '18K白色黄金钻石吊坠'} - [request.py:35]
2020-11-10 18:31:56,822 - request - INFO - cookie: yes - [request.py:36]
2020-11-10 18:31:56,823 - request - INFO - headers: {'Content-Type': 'application/json; charset=UTF-8', 'Referer': 'http://eshop.tslj.cn/', 'Cookie': 'SESSION=ba97547b-0346-4536-981d-09d6f5cf4fe4'} - [request.py:55]
2020-11-10 18:31:56,885 - request - INFO - response: {"code":200,"message":"操作成功","page":{"currentPage":1,"pageSize":16,"totalPage":22,"totalCount":349,"datas":[{"id":"141892382666883072","firstCategory":"TSL","secondCategory":"K金","threeCategory":"吊坠","showFirstCategory":null,"showSecondCategory":null,"showThreeCategory":null,"brand":null,"merchantId":"123","merchantName":"谢瑞麟官网","spuName":"SNOOPY 史努比系列 18K白色黄金钻石吊坠","keyword":"吊坠","introduction":"123","defaultSkuId":"141892386704949248","skuName":"SNOOPY 史努比系列 18K白色黄金钻石吊坠","defaultPicture":"http://tslycc.test.upcdn.net/uploads/images/1539173583393.jpg","price":699000,"comment":0,"sales":0,"createDate":"2020-09-15 11:22:19"},{"id":"130097837373448192","firstCategory":"TSL","secondCategory":"铂金","threeCategory":"吊坠","showFirstCategory":null,"showSecondCategory":null,"showThreeCategory":null,"brand":null,"merchantId":"123","merchantName":"谢瑞麟官网","spuName":"Estrella 18K白色黄金钻石吊坠 - 简约四爪款","keyword":"PX620 钻石吊坠 Estrella","introduction":"123","defaultSkuId":"130098040832843776","skuName":"Estrella 18K白色黄金钻石吊坠 - 简约四爪款","defaultPicture":"http://tslycc.test.upcdn.net/uploads/images/1527925605111.jpg","price":5300000,"comment":0,"sales":0,"createDate":"2018-08-01 16:19:14"},{"id":"185556623468630016","firstCategory":"TSL","secondCategory":"K金","threeCategory":"吊坠","showFirstCategory":null,"showSecondCategory":null,"showThreeCategory":null,"brand":null,"merchantId":"123","merchantName":"谢瑞麟官网","spuName":"【门店精选】18K白色黄金钻石吊坠","keyword":"60488","introduction":"123","defaultSkuId":"185556654699417600","skuName":"【门店精选】18K白色黄金钻石吊坠","defaultPicture":"http://tslycc.test.upcdn.net/uploads/images/1586316375184.jpg","price":697900,"comment":0,"sales":0,"createDate":"2020-04-08 11:26:34"},{"id":"185557802010382336","firstCategory":"TSL","secondCategory":"K金","threeCategory":"吊坠","showFirstCategory":null,"showSecondCategory":null,"showThreeCategory":null,"brand":null,"merchantId":"123","merchantName":"谢瑞麟官网","spuName":"【门店精选】18K白色黄金钻石吊坠","keyword":"61170","introduction":"123","defaultSkuId":"185557821337735168","skuName":"【门店精选】18K白色黄金钻石吊坠","defaultPicture":"http://tslycc.test.upcdn.net/uploads/images/1585715130016.jpg","price":289100,"comment":0,"sales":0,"createDate":"2020-04-01 12:26:01"},{"id":"190704032639127552","firstCategory":"TSL","secondCategory":"K金","threeCategory":"吊坠","showFirstCategory":null,"showSecondCategory":null,"showThreeCategory":null,"brand":null,"merchantId":"123","merchantName":"谢瑞麟官网","spuName":"【门店精选】18K白色黄金钻石吊坠","keyword":"61174","introduction":"123","defaultSkuId":"190704107513745408","skuName":"【门店精选】18K白色黄金钻石吊坠","defaultPicture":"http://tslycc.test.upcdn.net/uploads/images/1585724053126.jpg","price":349500,"comment":0,"sales":0,"createDate":"2020-04-08 16:54:44"},{"id":"191325629616001024","firstCategory":"TSL","secondCategory":"K金","threeCategory":"吊坠","showFirstCategory":null,"showSecondCategory":null,"showThreeCategory":null,"brand":null,"merchantId":"123","merchantName":"谢瑞麟官网","spuName":"【门店精选】18K白色黄金钻石吊坠","keyword":"61178","introduction":"123","defaultSkuId":"191325655129952256","skuName":"【门店精选】18K白色黄金钻石吊坠","defaultPicture":"http://tslycc.test.upcdn.net/uploads/images/1586316848630.jpg","price":629000,"comment":0,"sales":1,"createDate":"2020-04-08 11:34:18"},{"id":"206549023802286080","firstCategory":"TSL","secondCategory":"K金","threeCategory":"吊坠","showFirstCategory":null,"showSecondCategory":null,"showThreeCategory":null,"brand":null,"merchantId":"123","merchantName":"谢瑞麟官网","spuName":"18K白色黄金钻石钥匙KEYS吊坠","keyword":"61293","introduction":"123","defaultSkuId":"206549057306386432","skuName":"18K白色黄金钻石钥匙KEYS吊坠","defaultPicture":"http://tslycc.tslj.cn/uploads/images/1600835017031.jpg","price":1379000,"comment":0,"sales":0,"createDate":"2020-09-23 12:23:46"},{"id":"145595661765672960","firstCategory":"TSL","secondCategory":"K金","threeCategory":"吊坠","showFirstCategory":null,"showSecondCategory":null,"showThreeCategory":null,"brand":null,"merchantId":"123","merchantName":"谢瑞麟官网","spuName":"Eternal Embrace 拥抱爱系列 18K白色黄金钻石吊坠","keyword":"60162 Eternal 18K 吊坠","introduction":"123","defaultSkuId":"145595711257411584","skuName":"Eternal Embrace 拥抱爱系列 18K白色黄金钻石吊坠","defaultPicture":"http://tslycc.test.upcdn.net/uploads/images/1542705369104.jpg","price":1399000,"comment":0,"sales":0,"createDate":"2019-01-02 09:09:07"},{"id":"141887785203236864","firstCategory":"TSL","secondCategory":"K金","threeCategory":"吊坠","showFirstCategory":null,"showSecondCategory":null,"showThreeCategory":null,"brand":null,"merchantId":"123","merchantName":"谢瑞麟官网","spuName":"SNOOPY 史努比系列 18K白色黄金吊坠","keyword":"吊坠 SNOOPY","introduction":"123","defaultSkuId":"141887823407054848","skuName":"SNOOPY 史努比系列 18K白色黄金吊坠","defaultPicture":"http://tslycc.test.upcdn.net/uploads/images/1539169250766.jpg","price":329000,"comment":0,"sales":0,"createDate":"2020-09-15 11:23:47"},{"id":"143062321979293696","firstCategory":"TSL","secondCategory":"K金","threeCategory":"吊坠","showFirstCategory":null,"showSecondCategory":null,"showThreeCategory":null,"brand":null,"merchantId":"123","merchantName":"谢瑞麟官网","spuName":"KEYS 系列 18K白色黄金钻石吊坠","keyword":"61295 KEY 钥匙","introduction":"123","defaultSkuId":"143062477496745984","skuName":"KEYS 系列 18K白色黄金钻石吊坠","defaultPicture":"http://tslycc.test.upcdn.net/uploads/images/1540289483260.jpg","price":1299000,"comment":0,"sales":0,"createDate":"2018-10-23 18:39:09"},{"id":"148014974661332992","firstCategory":"TSL","secondCategory":"K金","threeCategory":"吊坠","showFirstCategory":null,"showSecondCategory":null,"showThreeCategory":null,"brand":null,"merchantId":"123","merchantName":"谢瑞麟官网","spuName":"KEYS 系列 18K红色及白色黄金钻石吊坠","keyword":"61402","introduction":"123","defaultSkuId":"148014983508168704","skuName":"KEYS 系列 18K红色及白色黄金钻石吊坠","defaultPicture":"http://tslycc.test.upcdn.net/uploads/images/1545012546835.jpg","price":789000,"comment":0,"sales":1,"createDate":"2019-02-13 17:22:17"},{"id":"148013932144005120","firstCategory":"TSL","secondCategory":"K金","threeCategory":"吊坠","showFirstCategory":null,"showSecondCategory":null,"showThreeCategory":null,"brand":null,"merchantId":"123","merchantName":"谢瑞麟官网","spuName":"KEYS 系列 18K白色黄金钻石吊坠","keyword":"S5845","introduction":"123","defaultSkuId":"148014119076794368","skuName":"KEYS 系列 18K白色黄金钻石吊坠","defaultPicture":"http://tslycc.test.upcdn.net/uploads/images/1545011699542.jpg","price":1529000,"comment":0,"sales":0,"createDate":"2019-02-15 16:37:23"},{"id":"183000089652989952","firstCategory":"TSL","secondCategory":"K金","threeCategory":"吊坠","showFirstCategory":null,"showSecondCategory":null,"showThreeCategory":null,"brand":null,"merchantId":"123","merchantName":"谢瑞麟官网","spuName":"【门店精选】18K白色黄金钻石吊坠","keyword":"BA907","introduction":"123","defaultSkuId":"183000113864609792","skuName":"【门店精选】18K白色黄金钻石吊坠","defaultPicture":"http://tslycc.test.upcdn.net/uploads/images/1585902522809.jpg","price":299800,"comment":0,"sales":1,"createDate":"2020-04-08 16:54:45"},{"id":"188260928809177088","firstCategory":"TSL","secondCategory":"K金","threeCategory":"吊坠","showFirstCategory":null,"showSecondCategory":null,"showThreeCategory":null,"brand":null,"merchantId":"123","merchantName":"谢瑞麟官网","spuName":"【门店精选】18K红色和白色黄金钻石吊坠","keyword":"60491","introduction":"123","defaultSkuId":"188260968162234368","skuName":"【门店精选】18K红色和白色黄金钻石吊坠","defaultPicture":"http://tslycc.test.upcdn.net/uploads/images/1583394136034.jpg","price":738900,"comment":0,"sales":6,"createDate":"2020-06-23 11:40:59"},{"id":"190535124535775232","firstCategory":"TSL","secondCategory":"K金","threeCategory":"吊坠","showFirstCategory":null,"showSecondCategory":null,"showThreeCategory":null,"brand":null,"merchantId":"123","merchantName":"谢瑞麟官网","spuName":"【门店精选】18K白色黄金钻石吊坠","keyword":"BB311","introduction":"123","defaultSkuId":"190535156288753664","skuName":"【门店精选】18K白色黄金钻石吊坠","defaultPicture":"http://tslycc.test.upcdn.net/uploads/images/1585562967653.jpg","price":521500,"comment":0,"sales":0,"createDate":"2020-04-28 10:46:20"},{"id":"190600265173340160","firstCategory":"TSL","secondCategory":"K金","threeCategory":"吊坠","showFirstCategory":null,"showSecondCategory":null,"showThreeCategory":null,"brand":null,"merchantId":"123","merchantName":"谢瑞麟官网","spuName":"【门店精选】18K白色黄金钻石吊坠","keyword":"PU073","introduction":"123","defaultSkuId":"190600323626209280","skuName":"【门店精选】18K白色黄金钻石吊坠","defaultPicture":"http://tslycc.test.upcdn.net/uploads/images/1585625097156.jpg","price":479200,"comment":0,"sales":0,"createDate":"2020-04-08 16:54:43"}]}} - [request.py:61]
2020-11-10 18:31:56,886 - case - INFO - resp_actual: ['141892386704949248'], expected: ['141892386704949248'] - [test_order.py:56]
2020-11-10 18:31:56,978 - case - INFO - 第8用例执行结果：PASS - [test_order.py:61]
2020-11-10 18:31:56,988 - case - INFO - 开始执行第9用例 - [test_order.py:40]
2020-11-10 18:31:56,988 - case - INFO - data: {
    "memberId": 151382897730867200,
    "merchantId": "123",
    "productId": "141892386704949248",
    "productItemId": "null",
    "quantity": 1,
    "type": 1,
    "deliveryType": 1,
    "entrance": 2
} - [test_order.py:44]
2020-11-10 18:31:56,990 - request - INFO - method: POST  url: http://eshop.tslj.cn/issec/shoppingCart/shoppingCart/v1/cartItem - [request.py:34]
2020-11-10 18:31:56,991 - request - INFO - data: {'memberId': 151382897730867200, 'merchantId': '123', 'productId': '141892386704949248', 'productItemId': 'null', 'quantity': 1, 'type': 1, 'deliveryType': 1, 'entrance': 2} - [request.py:35]
2020-11-10 18:31:56,991 - request - INFO - cookie: yes - [request.py:36]
2020-11-10 18:31:56,992 - request - INFO - headers: {'Content-Type': 'application/json; charset=UTF-8', 'Referer': 'http://eshop.tslj.cn/', 'Cookie': 'SESSION=ba97547b-0346-4536-981d-09d6f5cf4fe4'} - [request.py:55]
2020-11-10 18:31:57,066 - request - INFO - response: {"code":9999,"message":"购买数量超过库存"} - [request.py:61]
2020-11-10 18:31:57,067 - case - INFO - resp_actual: [9999], expected: [200] - [test_order.py:56]
2020-11-10 18:31:57,153 - case - ERROR - 第9用例执行结果：FAIL - [test_order.py:64]
2020-11-10 18:31:57,162 - case - INFO - 开始执行第10用例 - [test_order.py:40]
2020-11-10 18:31:57,163 - case - INFO - data:  [
    {
        "promotionId": "",
        "productItem": [
            {
                "productId": "141892386704949248",
                "quantity": "1",
                "type": 1,
                "shopId": "",
                "deliveryType": 1,
                "exchangeType": ""
            }
        ]
    }
] - [test_order.py:44]
2020-11-10 18:31:57,164 - request - INFO - method: POST  url: http://eshop.tslj.cn/issec/settlement/settlement/v1/newstatements/ - [request.py:34]
2020-11-10 18:31:57,165 - request - INFO - data: [{'promotionId': '', 'productItem': [{'productId': '141892386704949248', 'quantity': '1', 'type': 1, 'shopId': '', 'deliveryType': 1, 'exchangeType': ''}]}] - [request.py:35]
2020-11-10 18:31:57,165 - request - INFO - cookie: yes - [request.py:36]
2020-11-10 18:31:57,166 - request - INFO - headers: {'Content-Type': 'application/json; charset=UTF-8', 'Referer': 'http://eshop.tslj.cn/', 'Cookie': 'SESSION=ba97547b-0346-4536-981d-09d6f5cf4fe4'} - [request.py:55]
2020-11-10 18:31:57,266 - request - INFO - response: {"memberId":"151382897730867200","code":200,"message":"结算成功","TempOrder":[{"memberId":"151382897730867200","orderId":null,"merchantName":"谢瑞麟官网","merchantId":"123","storeHouseName":null,"storeHouseId":null,"freightPrice":0,"amount":699000,"orderType":1,"deliveryType":1,"address":{"id":"25e7e7f5e28c433698fdb8f03373b0a6","memberId":"151382897730867200","receiverName":"魏大勋","receiverAddress":"湖南省长沙市天心区甜心一号11巷","receiverMobile":"13544989573","receiverPostcode":null,"longitude":null,"latitude":null,"memo":null,"default_status":1},"SettlementProductItem":[{"product":{"id":"141892386704949248","merchantId":"123","spuId":"141892382666883072","name":"SNOOPY 史努比系列 18K白色黄金钻石吊坠","price":699000,"originalPrice":0,"manualFee":null,"stock":1,"sales":0,"barcode":"61322-DDBK-W","code":1,"status":1,"createDate":"2018-10-10 20:13:39","updateDate":"2020-09-15 11:22:19","defaultPicture":"http://tslycc.test.upcdn.net/uploads/images/1539173583393.jpg","presaleStatus":0,"type":1,"appointment":0,"centreStock":1},"quantity":1,"sum":699000,"proDiscount":0,"couponDiscount":null,"specValues":null,"promotionItem":{"id":null,"name":null,"merchantid":null,"type":null,"operatorId":null,"memo":null,"startDate":null,"endDate":null,"status":null,"typeAlone":null,"discount":null,"limitNum":null,"directAmount":null,"pdsArray":null,"proArray":null}}],"exchangeCoupnItem":null}]} - [request.py:61]
2020-11-10 18:31:57,267 - case - INFO - resp_actual: [200], expected: [200] - [test_order.py:56]
2020-11-10 18:31:57,345 - case - INFO - 第10用例执行结果：PASS - [test_order.py:61]
2020-11-10 18:31:57,351 - case - INFO - 开始执行第11用例 - [test_order.py:40]
2020-11-10 18:31:57,351 - case - INFO - data: {
    "products": [
        {
            "productId": "141892386704949248",
            "quantity": "1"
        }
    ]
} - [test_order.py:44]
2020-11-10 18:31:57,353 - request - INFO - method: POST  url: http://eshop.tslj.cn/issec/campaign/Campaign/v1/getCouponOrderInfo - [request.py:34]
2020-11-10 18:31:57,353 - request - INFO - data: {'products': [{'productId': '141892386704949248', 'quantity': '1'}]} - [request.py:35]
2020-11-10 18:31:57,354 - request - INFO - cookie: yes - [request.py:36]
2020-11-10 18:31:57,354 - request - INFO - headers: {'Content-Type': 'application/json; charset=UTF-8', 'Referer': 'http://eshop.tslj.cn/', 'Cookie': 'SESSION=ba97547b-0346-4536-981d-09d6f5cf4fe4'} - [request.py:55]
2020-11-10 18:31:57,438 - request - INFO - response: {"code":200,"message":"操作成功","couponUseProductInfos":[{"productId":"141892386704949248","couponProductUseInfo":[],"couponProductNoUseInfo":[]}]} - [request.py:61]
2020-11-10 18:31:57,439 - case - INFO - resp_actual: [200], expected: [200] - [test_order.py:56]
2020-11-10 18:31:57,573 - case - INFO - 第11用例执行结果：PASS - [test_order.py:61]
2020-11-10 18:31:57,655 - case - INFO - 开始执行第12用例 - [test_order.py:40]
2020-11-10 18:31:57,655 - case - INFO - data: {
    "addressId": "25e7e7f5e28c433698fdb8f03373b0a6",
    "remark": "",
    "discountcodeList": [],
    "couponList": [],
    "operator": ""
} - [test_order.py:44]
2020-11-10 18:31:57,658 - request - INFO - method: PATCH  url: http://eshop.tslj.cn/issec/settlement/settlement/v1/neworder/campain - [request.py:34]
2020-11-10 18:31:57,658 - request - INFO - data: {'addressId': '25e7e7f5e28c433698fdb8f03373b0a6', 'remark': '', 'discountcodeList': [], 'couponList': [], 'operator': ''} - [request.py:35]
2020-11-10 18:31:57,659 - request - INFO - cookie: yes - [request.py:36]
2020-11-10 18:31:57,659 - request - INFO - headers: {'Content-Type': 'application/json; charset=UTF-8', 'Referer': 'http://eshop.tslj.cn/', 'Cookie': 'SESSION=ba97547b-0346-4536-981d-09d6f5cf4fe4'} - [request.py:91]
2020-11-10 18:31:57,724 - request - INFO - response: {"code":200,"message":"优惠计算成功","couponPrice":0,"discountCodePrice":0,"promotionPrice":0,"countPrice":699000,"couponUseProductInfos":null} - [request.py:98]
2020-11-10 18:31:57,724 - case - INFO - resp_actual: [200], expected: [200] - [test_order.py:56]
2020-11-10 18:31:57,803 - case - INFO - 第12用例执行结果：PASS - [test_order.py:61]
2020-11-15 23:16:01,270 - request - INFO - method: POST  url: http://eshop.tslj.cn/issec/auth/session/ - [request.py:34]
2020-11-15 23:16:01,271 - request - INFO - data: {'loginPassword': '123456', 'mobile': '13710646151', 'type': 0} - [request.py:35]
2020-11-15 23:16:01,271 - request - INFO - cookie: write - [request.py:36]
2020-11-15 23:16:01,518 - request - ERROR - cookie_dict: {'SESSION': '15f5e293-2d26-4d40-9817-fe4b7b616a23'} - [request.py:49]
2020-11-15 23:16:01,521 - request - INFO - response: {"platformType":"eshop","code":200,"message":"操作成功","jwtToken":"eyJhbGciOiJIUzI1NiIsInR5cCI6IkpXVCJ9.eyJsb2dpbk5hbWUiOiJudWxsIiwibW9iaWxlIjoiMTM3MTA2NDYxNTEiLCJleHAiOjE2MDU0NjA1NjIsImlhdCI6MTYwNTQ1MzM2MiwibWVtYmVySWQiOiIxNDM1ODEzMTQ2Nzk5MTg1OTIifQ.5vJqEWqZDhP-Et4rFuP-Y7ep9Ru6HvmIvxpbO9M1elA","cmappToken":null,"userInfo":{"loginName":null,"nickName":"未命名","mobile":"13710646151","memberId":"143581314679918592","sex":1,"headPortrait":"http://tslycc.test.upcdn.net/uploads/images/1548223000317.jpg!56","memberStatus":null,"employeeId":null}} - [request.py:61]
2020-11-15 23:16:01,523 - case - INFO - resp_actual: ['操作成功'], expected: ['操作成功'] - [test_login.py:42]
2020-11-15 23:16:01,682 - case - INFO - 第1用例执行结果：PASS - [test_login.py:46]
2020-11-15 23:16:01,689 - request - INFO - method: POST  url: http://eshop.tslj.cn/issec/auth/session/ - [request.py:34]
2020-11-15 23:16:01,689 - request - INFO - data: {'loginPassword': '1234567', 'mobile': '13710646151', 'type': 0} - [request.py:35]
2020-11-15 23:16:01,689 - request - INFO - cookie: no - [request.py:36]
2020-11-15 23:16:01,871 - request - INFO - response: {"platformType":"eshop","code":6003,"message":"用户名或密码错误","jwtToken":null,"cmappToken":null,"userInfo":null} - [request.py:61]
2020-11-15 23:16:01,872 - case - INFO - resp_actual: ['用户名或密码错误'], expected: ['用户名或密码错误'] - [test_login.py:42]
2020-11-15 23:16:01,996 - case - INFO - 第2用例执行结果：PASS - [test_login.py:46]
2020-11-15 23:16:02,000 - request - INFO - method: POST  url: http://eshop.tslj.cn/issec/auth/session/ - [request.py:34]
2020-11-15 23:16:02,001 - request - INFO - data: {'loginPassword': '', 'mobile': '13710646151', 'type': 0} - [request.py:35]
2020-11-15 23:16:02,001 - request - INFO - cookie: no - [request.py:36]
2020-11-15 23:16:02,137 - request - INFO - response: {"platformType":"eshop","code":6001,"message":"手机号或密码不能为空","jwtToken":null,"cmappToken":null,"userInfo":null} - [request.py:61]
2020-11-15 23:16:02,138 - case - INFO - resp_actual: ['手机号或密码不能为空'], expected: ['手机号或密码不能为空'] - [test_login.py:42]
2020-11-15 23:16:02,232 - case - INFO - 第3用例执行结果：PASS - [test_login.py:46]
2020-11-15 23:16:02,238 - request - INFO - method: POST  url: http://eshop.tslj.cn/issec/auth/session/ - [request.py:34]
2020-11-15 23:16:02,238 - request - INFO - data: {'loginPassword': '123456', 'mobile': '', 'type': 0} - [request.py:35]
2020-11-15 23:16:02,238 - request - INFO - cookie: no - [request.py:36]
2020-11-15 23:16:02,377 - request - INFO - response: {"platformType":"eshop","code":6001,"message":"手机号或密码不能为空","jwtToken":null,"cmappToken":null,"userInfo":null} - [request.py:61]
2020-11-15 23:16:02,378 - case - INFO - resp_actual: ['手机号或密码不能为空'], expected: ['手机号或密码不能为空'] - [test_login.py:42]
2020-11-15 23:16:02,460 - case - INFO - 第4用例执行结果：PASS - [test_login.py:46]
